2026-01-29 12:51:35,871 NanoPlot 1.46.2 started with arguments Namespace(threads=4, verbose=False, store=False, raw=False, huge=False, outdir='QC_After', no_static=False, prefix='', tsv_stats=False, only_report=False, info_in_report=False, maxlength=None, minlength=None, drop_outliers=False, downsample=None, loglength=False, percentqual=False, alength=False, minqual=None, runtime_until=None, readtype='1D', barcoded=False, no_supplementary=False, color='#4CB391', colormap='Greens', format=['png'], plots=['kde', 'dot'], legacy=None, listcolors=False, listcolormaps=False, no_N50=False, N50=False, title=None, font_scale=1, dpi=300, hide_stats=False, fastq=['filtered_seqs.fastq'], fasta=None, fastq_rich=None, fastq_minimal=None, summary=None, bam=None, ubam=None, cram=None, pickle=None, feather=None, path='QC_After/')
2026-01-29 12:51:35,871 Python version is: 3.12.12 | packaged by conda-forge | (main, Oct 22 2025, 23:25:55) [GCC 14.3.0]
2026-01-29 12:51:35,911 Nanoget: Starting to collect statistics from plain fastq file.
2026-01-29 12:54:30,610 Reduced DataFrame memory usage from 2.8770484924316406Mb to 2.8770484924316406Mb
2026-01-29 12:54:30,644 Nanoget: Gathered all metrics of 188542 reads
2026-01-29 12:54:31,010 Calculated statistics
2026-01-29 12:54:31,011 Using sequenced read lengths for plotting.
2026-01-29 12:54:31,043 NanoPlot:  Valid color #4CB391.
2026-01-29 12:54:31,043 NanoPlot:  Valid colormap Greens.
2026-01-29 12:54:31,046 NanoPlot:  Creating length plots for Read length.
2026-01-29 12:54:31,047 NanoPlot:  Using 188542 reads maximum of 17593bp.
2026-01-29 12:54:31,320 Chromium init'ed with kwargs {}
2026-01-29 12:54:31,321 Found chromium path: /home/iroayo/miniconda3/envs/genome_assembly/lib/python3.12/site-packages/choreographer/cli/browser_exe/chrome-linux64/chrome
2026-01-29 12:54:31,322 Temp directory created: /tmp/tmpn5op11um.
2026-01-29 12:54:31,322 Opening browser.
2026-01-29 12:54:31,325 Temp directory created: /tmp/tmps687hlj8.
2026-01-29 12:54:31,353 Temporary directory at: /tmp/tmps687hlj8
2026-01-29 12:54:32,175 Conforming 1 to file:///tmp/tmpn5op11um/index.html
2026-01-29 12:54:32,175 Waiting on all navigates
2026-01-29 12:54:34,778 All navigates done, putting them all in queue.
2026-01-29 12:54:34,780 Getting tab from queue (has 1)
2026-01-29 12:54:34,780 Got B287
2026-01-29 12:54:34,783 Processing Weighted_histogram_of_read_lengths.png
2026-01-29 12:54:34,783 Sending big command for Weighted_histogram_of_read_lengths.png.
2026-01-29 12:54:35,273 Sent big command for Weighted_histogram_of_read_lengths.png.
2026-01-29 12:54:35,274 Reloading tab B287 before return.
2026-01-29 12:54:36,994 Putting tab B287 back (queue size: 0).
2026-01-29 12:54:36,994 Waiting for all cleanups to finish.
2026-01-29 12:54:36,994 Exiting Kaleido
2026-01-29 12:54:36,995 TemporaryDirectory.cleanup() worked.
2026-01-29 12:54:36,995 shutil.rmtree worked.
2026-01-29 12:54:36,995 Cancelling tasks.
2026-01-29 12:54:36,995 Exiting Kaleido/Choreo
2026-01-29 12:54:36,995 Closing browser.
2026-01-29 12:54:37,004 TemporaryDirectory.cleanup() worked.
2026-01-29 12:54:37,004 shutil.rmtree worked.
2026-01-29 12:54:37,004 Cancelling tasks.
2026-01-29 12:54:37,004 Exiting Kaleido/Choreo
2026-01-29 12:54:37,004 Closing browser.
2026-01-29 12:54:37,229 TemporaryDirectory.cleanup() worked.
2026-01-29 12:54:37,229 shutil.rmtree worked.
2026-01-29 12:54:37,233 Could not set DPI metadata for QC_After/WeightedHistogramReadlength.png: No module named 'PIL'
2026-01-29 12:54:37,233 Saved QC_After/WeightedHistogramReadlength.png as png (dpi=300)
2026-01-29 12:54:37,366 Chromium init'ed with kwargs {}
2026-01-29 12:54:37,366 Found chromium path: /home/iroayo/miniconda3/envs/genome_assembly/lib/python3.12/site-packages/choreographer/cli/browser_exe/chrome-linux64/chrome
2026-01-29 12:54:37,367 Temp directory created: /tmp/tmph5v3zwf3.
2026-01-29 12:54:37,368 Opening browser.
2026-01-29 12:54:37,369 Temp directory created: /tmp/tmpzcfr1lci.
2026-01-29 12:54:37,407 Temporary directory at: /tmp/tmpzcfr1lci
2026-01-29 12:54:38,138 Conforming 1 to file:///tmp/tmph5v3zwf3/index.html
2026-01-29 12:54:38,138 Waiting on all navigates
2026-01-29 12:54:41,424 All navigates done, putting them all in queue.
2026-01-29 12:54:41,426 Getting tab from queue (has 1)
2026-01-29 12:54:41,428 Got D96E
2026-01-29 12:54:41,428 Processing Weighted_histogram_of_read_lengths_after_log_transformation.png
2026-01-29 12:54:41,429 Sending big command for Weighted_histogram_of_read_lengths_after_log_transformation.png.
2026-01-29 12:54:41,766 Sent big command for Weighted_histogram_of_read_lengths_after_log_transformation.png.
2026-01-29 12:54:41,769 Reloading tab D96E before return.
2026-01-29 12:54:42,186 Putting tab D96E back (queue size: 0).
2026-01-29 12:54:42,186 Waiting for all cleanups to finish.
2026-01-29 12:54:42,186 Exiting Kaleido
2026-01-29 12:54:42,187 TemporaryDirectory.cleanup() worked.
2026-01-29 12:54:42,187 shutil.rmtree worked.
2026-01-29 12:54:42,187 Cancelling tasks.
2026-01-29 12:54:42,187 Exiting Kaleido/Choreo
2026-01-29 12:54:42,187 Closing browser.
2026-01-29 12:54:42,195 TemporaryDirectory.cleanup() worked.
2026-01-29 12:54:42,195 shutil.rmtree worked.
2026-01-29 12:54:42,195 Cancelling tasks.
2026-01-29 12:54:42,195 Exiting Kaleido/Choreo
2026-01-29 12:54:42,195 Closing browser.
2026-01-29 12:54:42,421 TemporaryDirectory.cleanup() worked.
2026-01-29 12:54:42,421 shutil.rmtree worked.
2026-01-29 12:54:42,424 Could not set DPI metadata for QC_After/WeightedLogTransformed_HistogramReadlength.png: No module named 'PIL'
2026-01-29 12:54:42,424 Saved QC_After/WeightedLogTransformed_HistogramReadlength.png as png (dpi=300)
2026-01-29 12:54:42,506 Chromium init'ed with kwargs {}
2026-01-29 12:54:42,506 Found chromium path: /home/iroayo/miniconda3/envs/genome_assembly/lib/python3.12/site-packages/choreographer/cli/browser_exe/chrome-linux64/chrome
2026-01-29 12:54:42,507 Temp directory created: /tmp/tmp932apt9m.
2026-01-29 12:54:42,507 Opening browser.
2026-01-29 12:54:42,508 Temp directory created: /tmp/tmpna5yduh6.
2026-01-29 12:54:42,532 Temporary directory at: /tmp/tmpna5yduh6
2026-01-29 12:54:43,276 Conforming 1 to file:///tmp/tmp932apt9m/index.html
2026-01-29 12:54:43,276 Waiting on all navigates
2026-01-29 12:54:46,719 All navigates done, putting them all in queue.
2026-01-29 12:54:46,722 Getting tab from queue (has 1)
2026-01-29 12:54:46,722 Got 3B18
2026-01-29 12:54:46,723 Processing Non_weighted_histogram_of_read_lengths.png
2026-01-29 12:54:46,723 Sending big command for Non_weighted_histogram_of_read_lengths.png.
2026-01-29 12:54:47,155 Sent big command for Non_weighted_histogram_of_read_lengths.png.
2026-01-29 12:54:47,156 Reloading tab 3B18 before return.
2026-01-29 12:54:47,567 Putting tab 3B18 back (queue size: 0).
2026-01-29 12:54:47,568 Waiting for all cleanups to finish.
2026-01-29 12:54:47,568 Exiting Kaleido
2026-01-29 12:54:47,568 TemporaryDirectory.cleanup() worked.
2026-01-29 12:54:47,569 shutil.rmtree worked.
2026-01-29 12:54:47,569 Cancelling tasks.
2026-01-29 12:54:47,569 Exiting Kaleido/Choreo
2026-01-29 12:54:47,569 Closing browser.
2026-01-29 12:54:47,574 TemporaryDirectory.cleanup() worked.
2026-01-29 12:54:47,574 shutil.rmtree worked.
2026-01-29 12:54:47,574 Cancelling tasks.
2026-01-29 12:54:47,574 Exiting Kaleido/Choreo
2026-01-29 12:54:47,574 Closing browser.
2026-01-29 12:54:47,818 TemporaryDirectory.cleanup() worked.
2026-01-29 12:54:47,818 shutil.rmtree worked.
2026-01-29 12:54:47,823 Could not set DPI metadata for QC_After/Non_weightedHistogramReadlength.png: No module named 'PIL'
2026-01-29 12:54:47,823 Saved QC_After/Non_weightedHistogramReadlength.png as png (dpi=300)
2026-01-29 12:54:47,906 Chromium init'ed with kwargs {}
2026-01-29 12:54:47,906 Found chromium path: /home/iroayo/miniconda3/envs/genome_assembly/lib/python3.12/site-packages/choreographer/cli/browser_exe/chrome-linux64/chrome
2026-01-29 12:54:47,907 Temp directory created: /tmp/tmp9p4yd5la.
2026-01-29 12:54:47,907 Opening browser.
2026-01-29 12:54:47,909 Temp directory created: /tmp/tmpjbw6_ztc.
2026-01-29 12:54:47,943 Temporary directory at: /tmp/tmpjbw6_ztc
2026-01-29 12:54:48,715 Conforming 1 to file:///tmp/tmp9p4yd5la/index.html
2026-01-29 12:54:48,715 Waiting on all navigates
2026-01-29 12:54:52,056 All navigates done, putting them all in queue.
2026-01-29 12:54:52,059 Getting tab from queue (has 1)
2026-01-29 12:54:52,059 Got 3054
2026-01-29 12:54:52,059 Processing Non_weighted_histogram_of_read_lengths_after_log_transformation.png
2026-01-29 12:54:52,060 Sending big command for Non_weighted_histogram_of_read_lengths_after_log_transformation.png.
2026-01-29 12:54:52,449 Sent big command for Non_weighted_histogram_of_read_lengths_after_log_transformation.png.
2026-01-29 12:54:52,452 Reloading tab 3054 before return.
2026-01-29 12:54:52,874 Putting tab 3054 back (queue size: 0).
2026-01-29 12:54:52,874 Waiting for all cleanups to finish.
2026-01-29 12:54:52,874 Exiting Kaleido
2026-01-29 12:54:52,875 TemporaryDirectory.cleanup() worked.
2026-01-29 12:54:52,875 shutil.rmtree worked.
2026-01-29 12:54:52,875 Cancelling tasks.
2026-01-29 12:54:52,875 Exiting Kaleido/Choreo
2026-01-29 12:54:52,875 Closing browser.
2026-01-29 12:54:52,878 TemporaryDirectory.cleanup() worked.
2026-01-29 12:54:52,879 shutil.rmtree worked.
2026-01-29 12:54:52,879 Cancelling tasks.
2026-01-29 12:54:52,879 Exiting Kaleido/Choreo
2026-01-29 12:54:52,879 Closing browser.
2026-01-29 12:54:53,128 TemporaryDirectory.cleanup() worked.
2026-01-29 12:54:53,129 shutil.rmtree worked.
2026-01-29 12:54:53,132 Could not set DPI metadata for QC_After/Non_weightedLogTransformed_HistogramReadlength.png: No module named 'PIL'
2026-01-29 12:54:53,140 Saved QC_After/Non_weightedLogTransformed_HistogramReadlength.png as png (dpi=300)
2026-01-29 12:54:53,140 NanoPlot: Creating yield by minimal length plot for Read length.
2026-01-29 12:54:53,239 TemporaryDirectory.cleanup() worked.
2026-01-29 12:54:53,239 shutil.rmtree worked.
2026-01-29 12:54:53,239 TemporaryDirectory.cleanup() worked.
2026-01-29 12:54:53,239 shutil.rmtree worked.
2026-01-29 12:54:53,239 TemporaryDirectory.cleanup() worked.
2026-01-29 12:54:53,239 shutil.rmtree worked.
2026-01-29 12:54:53,239 TemporaryDirectory.cleanup() worked.
2026-01-29 12:54:53,239 shutil.rmtree worked.
2026-01-29 12:54:53,592 Chromium init'ed with kwargs {}
2026-01-29 12:54:53,592 Found chromium path: /home/iroayo/miniconda3/envs/genome_assembly/lib/python3.12/site-packages/choreographer/cli/browser_exe/chrome-linux64/chrome
2026-01-29 12:54:53,593 Temp directory created: /tmp/tmpn2qjp5r_.
2026-01-29 12:54:53,593 Opening browser.
2026-01-29 12:54:53,594 Temp directory created: /tmp/tmpfijpig5s.
2026-01-29 12:54:53,621 Temporary directory at: /tmp/tmpfijpig5s
2026-01-29 12:54:54,407 Conforming 1 to file:///tmp/tmpn2qjp5r_/index.html
2026-01-29 12:54:54,407 Waiting on all navigates
2026-01-29 12:54:57,806 All navigates done, putting them all in queue.
2026-01-29 12:54:57,807 Getting tab from queue (has 1)
2026-01-29 12:54:57,808 Got 687D
2026-01-29 12:54:57,808 Processing Yield_by_length.png
2026-01-29 12:54:57,808 Sending big command for Yield_by_length.png.
2026-01-29 12:55:01,536 Sent big command for Yield_by_length.png.
2026-01-29 12:55:01,539 Reloading tab 687D before return.
2026-01-29 12:55:02,055 Putting tab 687D back (queue size: 0).
2026-01-29 12:55:02,055 Waiting for all cleanups to finish.
2026-01-29 12:55:02,056 Exiting Kaleido
2026-01-29 12:55:02,056 TemporaryDirectory.cleanup() worked.
2026-01-29 12:55:02,056 shutil.rmtree worked.
2026-01-29 12:55:02,056 Cancelling tasks.
2026-01-29 12:55:02,056 Exiting Kaleido/Choreo
2026-01-29 12:55:02,057 Closing browser.
2026-01-29 12:55:02,061 TemporaryDirectory.cleanup() worked.
2026-01-29 12:55:02,061 shutil.rmtree worked.
2026-01-29 12:55:02,061 Cancelling tasks.
2026-01-29 12:55:02,062 Exiting Kaleido/Choreo
2026-01-29 12:55:02,062 Closing browser.
2026-01-29 12:55:02,297 TemporaryDirectory.cleanup() worked.
2026-01-29 12:55:02,297 shutil.rmtree worked.
2026-01-29 12:55:02,300 Could not set DPI metadata for QC_After/Yield_By_Length.png: No module named 'PIL'
2026-01-29 12:55:02,300 Saved QC_After/Yield_By_Length.png as png (dpi=300)
2026-01-29 12:55:02,300 Created length plots
2026-01-29 12:55:02,303 NanoPlot: Creating Read lengths vs Average read quality plots using 188542 reads.
2026-01-29 12:55:02,581 Chromium init'ed with kwargs {}
2026-01-29 12:55:02,582 Found chromium path: /home/iroayo/miniconda3/envs/genome_assembly/lib/python3.12/site-packages/choreographer/cli/browser_exe/chrome-linux64/chrome
2026-01-29 12:55:02,582 Temp directory created: /tmp/tmp9dhkeiec.
2026-01-29 12:55:02,582 Opening browser.
2026-01-29 12:55:02,584 Temp directory created: /tmp/tmp6vw8tv91.
2026-01-29 12:55:02,612 Temporary directory at: /tmp/tmp6vw8tv91
2026-01-29 12:55:02,617 TemporaryDirectory.cleanup() worked.
2026-01-29 12:55:02,617 shutil.rmtree worked.
2026-01-29 12:55:03,402 Conforming 1 to file:///tmp/tmp9dhkeiec/index.html
2026-01-29 12:55:03,403 Waiting on all navigates
2026-01-29 12:55:07,031 All navigates done, putting them all in queue.
2026-01-29 12:55:07,033 Getting tab from queue (has 1)
2026-01-29 12:55:07,033 Got D73F
2026-01-29 12:55:07,034 Processing Read_lengths_vs_Average_read_quality_plot_using_dots.png
2026-01-29 12:55:07,034 Sending big command for Read_lengths_vs_Average_read_quality_plot_using_dots.png.
2026-01-29 12:55:10,824 Sent big command for Read_lengths_vs_Average_read_quality_plot_using_dots.png.
2026-01-29 12:55:10,831 Reloading tab D73F before return.
2026-01-29 12:55:11,363 Putting tab D73F back (queue size: 0).
2026-01-29 12:55:11,364 Waiting for all cleanups to finish.
2026-01-29 12:55:11,364 Exiting Kaleido
2026-01-29 12:55:11,364 TemporaryDirectory.cleanup() worked.
2026-01-29 12:55:11,364 shutil.rmtree worked.
2026-01-29 12:55:11,365 Cancelling tasks.
2026-01-29 12:55:11,365 Exiting Kaleido/Choreo
2026-01-29 12:55:11,365 Closing browser.
2026-01-29 12:55:11,368 TemporaryDirectory.cleanup() worked.
2026-01-29 12:55:11,368 shutil.rmtree worked.
2026-01-29 12:55:11,368 Cancelling tasks.
2026-01-29 12:55:11,368 Exiting Kaleido/Choreo
2026-01-29 12:55:11,368 Closing browser.
2026-01-29 12:55:11,601 TemporaryDirectory.cleanup() worked.
2026-01-29 12:55:11,601 shutil.rmtree worked.
2026-01-29 12:55:11,605 Could not set DPI metadata for QC_After/LengthvsQualityScatterPlot_dot.png: No module named 'PIL'
2026-01-29 12:55:11,605 Saved QC_After/LengthvsQualityScatterPlot_dot.png as png (dpi=300)
2026-01-29 12:55:11,741 Chromium init'ed with kwargs {}
2026-01-29 12:55:11,741 Found chromium path: /home/iroayo/miniconda3/envs/genome_assembly/lib/python3.12/site-packages/choreographer/cli/browser_exe/chrome-linux64/chrome
2026-01-29 12:55:11,741 Temp directory created: /tmp/tmpct_t_26j.
2026-01-29 12:55:11,742 Opening browser.
2026-01-29 12:55:11,744 Temp directory created: /tmp/tmp22w40uus.
2026-01-29 12:55:11,772 Temporary directory at: /tmp/tmp22w40uus
2026-01-29 12:55:12,548 Conforming 1 to file:///tmp/tmpct_t_26j/index.html
2026-01-29 12:55:12,548 Waiting on all navigates
2026-01-29 12:55:15,879 All navigates done, putting them all in queue.
2026-01-29 12:55:15,881 Getting tab from queue (has 1)
2026-01-29 12:55:15,881 Got FAF8
2026-01-29 12:55:15,881 Processing Read_lengths_vs_Average_read_quality_kde_plot.png
2026-01-29 12:55:15,881 Sending big command for Read_lengths_vs_Average_read_quality_kde_plot.png.
2026-01-29 12:55:18,404 Sent big command for Read_lengths_vs_Average_read_quality_kde_plot.png.
2026-01-29 12:55:18,422 Reloading tab FAF8 before return.
2026-01-29 12:55:18,829 Putting tab FAF8 back (queue size: 0).
2026-01-29 12:55:18,829 Waiting for all cleanups to finish.
2026-01-29 12:55:18,829 Exiting Kaleido
2026-01-29 12:55:18,829 TemporaryDirectory.cleanup() worked.
2026-01-29 12:55:18,829 shutil.rmtree worked.
2026-01-29 12:55:18,830 Cancelling tasks.
2026-01-29 12:55:18,830 Exiting Kaleido/Choreo
2026-01-29 12:55:18,830 Closing browser.
2026-01-29 12:55:18,836 TemporaryDirectory.cleanup() worked.
2026-01-29 12:55:18,836 shutil.rmtree worked.
2026-01-29 12:55:18,836 Cancelling tasks.
2026-01-29 12:55:18,837 Exiting Kaleido/Choreo
2026-01-29 12:55:18,837 Closing browser.
2026-01-29 12:55:19,068 TemporaryDirectory.cleanup() worked.
2026-01-29 12:55:19,068 shutil.rmtree worked.
2026-01-29 12:55:19,071 Could not set DPI metadata for QC_After/LengthvsQualityScatterPlot_kde.png: No module named 'PIL'
2026-01-29 12:55:19,072 Saved QC_After/LengthvsQualityScatterPlot_kde.png as png (dpi=300)
2026-01-29 12:55:19,072 Created LengthvsQual plot
2026-01-29 12:55:19,072 Writing html report.
2026-01-29 12:55:19,100 Finished!
2026-01-29 12:55:19,189 TemporaryDirectory.cleanup() worked.
2026-01-29 12:55:19,189 shutil.rmtree worked.
2026-01-29 12:55:19,189 TemporaryDirectory.cleanup() worked.
2026-01-29 12:55:19,189 shutil.rmtree worked.
